<?xml version="1.0" encoding="UTF-8"?>
<!-- Generated by org.testng.reporters.JUnitReportReporter -->
<testsuite hostname="DESKTOP-FV4QLF7" failures="0" tests="1" name="testPackage1.TestClassTNG2$TestClassTNG" time="0.000" errors="0" timestamp="2024-01-04T11:36:20 IST" skipped="1">
  <testcase classname="testPackage1.TestClassTNG2$TestClassTNG" name="test3" time="0.000">
    <skipped/>
  </testcase> <!-- test3 -->
  <system-out/>
</testsuite> <!-- testPackage1.TestClassTNG2$TestClassTNG -->
